{"/Users/jamsea/git/accelerator-core-js/sample-app/src/App.js": {"path":"/Users/jamsea/git/accelerator-core-js/sample-app/src/App.js","statementMap":{"0":{"start":{"line":1,"column":39},"end":{"line":1,"column":101}},"1":{"start":{"line":1,"column":120},"end":{"line":1,"column":181}},"2":{"start":{"line":14,"column":0},"end":{"line":14,"column":95}},"3":{"start":{"line":15,"column":22},"end":{"line":66,"column":46}},"4":{"start":{"line":23,"column":4},"end":{"line":32,"column":18}},"5":{"start":{"line":75,"column":25},"end":{"line":115,"column":1}},"6":{"start":{"line":76,"column":65},"end":{"line":76,"column":70}},"7":{"start":{"line":77,"column":24},"end":{"line":77,"column":62}},"8":{"start":{"line":78,"column":30},"end":{"line":78,"column":67}},"9":{"start":{"line":79,"column":34},"end":{"line":79,"column":67}},"10":{"start":{"line":80,"column":37},"end":{"line":80,"column":64}},"11":{"start":{"line":81,"column":37},"end":{"line":81,"column":64}},"12":{"start":{"line":82,"column":28},"end":{"line":82,"column":64}},"13":{"start":{"line":83,"column":2},"end":{"line":112,"column":51}},"14":{"start":{"line":117,"column":23},"end":{"line":120,"column":271}},"15":{"start":{"line":118,"column":26},"end":{"line":120,"column":271}},"16":{"start":{"line":124,"column":22},"end":{"line":127,"column":9}},"17":{"start":{"line":125,"column":26},"end":{"line":127,"column":9}},"18":{"start":{"line":134,"column":4},"end":{"line":134,"column":17}},"19":{"start":{"line":135,"column":4},"end":{"line":142,"column":32}},"20":{"start":{"line":144,"column":4},"end":{"line":144,"column":47}},"21":{"start":{"line":145,"column":4},"end":{"line":145,"column":43}},"22":{"start":{"line":146,"column":4},"end":{"line":146,"column":61}},"23":{"start":{"line":147,"column":4},"end":{"line":147,"column":61}},"24":{"start":{"line":151,"column":4},"end":{"line":151,"column":100}},"25":{"start":{"line":152,"column":4},"end":{"line":152,"column":68}},"26":{"start":{"line":152,"column":32},"end":{"line":152,"column":66}},"27":{"start":{"line":153,"column":19},"end":{"line":159,"column":21}},"28":{"start":{"line":162,"column":4},"end":{"line":165,"column":8}},"29":{"start":{"line":163,"column":4},"end":{"line":165,"column":6}},"30":{"start":{"line":164,"column":6},"end":{"line":164,"column":55}},"31":{"start":{"line":170,"column":4},"end":{"line":175,"column":39}},"32":{"start":{"line":173,"column":6},"end":{"line":173,"column":69}},"33":{"start":{"line":175,"column":19},"end":{"line":175,"column":37}},"34":{"start":{"line":179,"column":4},"end":{"line":179,"column":21}},"35":{"start":{"line":180,"column":4},"end":{"line":180,"column":37}},"36":{"start":{"line":184,"column":4},"end":{"line":184,"column":59}},"37":{"start":{"line":185,"column":4},"end":{"line":185,"column":72}},"38":{"start":{"line":189,"column":4},"end":{"line":189,"column":59}},"39":{"start":{"line":190,"column":4},"end":{"line":190,"column":72}},"40":{"start":{"line":194,"column":34},"end":{"line":194,"column":44}},"41":{"start":{"line":204,"column":4},"end":{"line":204,"column":32}},"42":{"start":{"line":206,"column":4},"end":{"line":238,"column":247}}},"fnMap":{"0":{"name":"(anonymous_0)","decl":{"start":{"line":75,"column":25},"end":{"line":75,"column":26}},"loc":{"start":{"line":75,"column":34},"end":{"line":115,"column":1}},"line":75},"1":{"name":"(anonymous_1)","decl":{"start":{"line":117,"column":23},"end":{"line":117,"column":24}},"loc":{"start":{"line":118,"column":26},"end":{"line":120,"column":271}},"line":118},"2":{"name":"(anonymous_2)","decl":{"start":{"line":124,"column":22},"end":{"line":124,"column":23}},"loc":{"start":{"line":125,"column":26},"end":{"line":127,"column":9}},"line":125},"3":{"name":"(anonymous_3)","decl":{"start":{"line":133,"column":2},"end":{"line":133,"column":3}},"loc":{"start":{"line":133,"column":21},"end":{"line":148,"column":3}},"line":133},"4":{"name":"(anonymous_4)","decl":{"start":{"line":150,"column":2},"end":{"line":150,"column":3}},"loc":{"start":{"line":150,"column":22},"end":{"line":167,"column":3}},"line":150},"5":{"name":"(anonymous_5)","decl":{"start":{"line":152,"column":26},"end":{"line":152,"column":27}},"loc":{"start":{"line":152,"column":32},"end":{"line":152,"column":66}},"line":152},"6":{"name":"(anonymous_6)","decl":{"start":{"line":162,"column":19},"end":{"line":162,"column":20}},"loc":{"start":{"line":163,"column":4},"end":{"line":165,"column":6}},"line":163},"7":{"name":"(anonymous_7)","decl":{"start":{"line":163,"column":21},"end":{"line":163,"column":22}},"loc":{"start":{"line":163,"column":60},"end":{"line":165,"column":5}},"line":163},"8":{"name":"(anonymous_8)","decl":{"start":{"line":169,"column":2},"end":{"line":169,"column":3}},"loc":{"start":{"line":169,"column":14},"end":{"line":176,"column":3}},"line":169},"9":{"name":"(anonymous_9)","decl":{"start":{"line":172,"column":9},"end":{"line":172,"column":10}},"loc":{"start":{"line":172,"column":48},"end":{"line":174,"column":5}},"line":172},"10":{"name":"(anonymous_10)","decl":{"start":{"line":175,"column":10},"end":{"line":175,"column":11}},"loc":{"start":{"line":175,"column":19},"end":{"line":175,"column":37}},"line":175},"11":{"name":"(anonymous_11)","decl":{"start":{"line":178,"column":2},"end":{"line":178,"column":3}},"loc":{"start":{"line":178,"column":12},"end":{"line":181,"column":3}},"line":178},"12":{"name":"(anonymous_12)","decl":{"start":{"line":183,"column":2},"end":{"line":183,"column":3}},"loc":{"start":{"line":183,"column":21},"end":{"line":186,"column":3}},"line":183},"13":{"name":"(anonymous_13)","decl":{"start":{"line":188,"column":2},"end":{"line":188,"column":3}},"loc":{"start":{"line":188,"column":21},"end":{"line":191,"column":3}},"line":188},"14":{"name":"(anonymous_14)","decl":{"start":{"line":193,"column":2},"end":{"line":193,"column":3}},"loc":{"start":{"line":193,"column":11},"end":{"line":242,"column":3}},"line":193}},"branchMap":{"0":{"loc":{"start":{"line":77,"column":24},"end":{"line":77,"column":62}},"type":"cond-expr","locations":[{"start":{"line":77,"column":31},"end":{"line":77,"column":54}},{"start":{"line":77,"column":57},"end":{"line":77,"column":62}}],"line":77},"1":{"loc":{"start":{"line":78,"column":30},"end":{"line":78,"column":67}},"type":"cond-expr","locations":[{"start":{"line":78,"column":37},"end":{"line":78,"column":59}},{"start":{"line":78,"column":62},"end":{"line":78,"column":67}}],"line":78},"2":{"loc":{"start":{"line":79,"column":34},"end":{"line":79,"column":67}},"type":"cond-expr","locations":[{"start":{"line":79,"column":41},"end":{"line":79,"column":63}},{"start":{"line":79,"column":66},"end":{"line":79,"column":67}}],"line":79},"3":{"loc":{"start":{"line":82,"column":28},"end":{"line":82,"column":64}},"type":"binary-expr","locations":[{"start":{"line":82,"column":28},"end":{"line":82,"column":47}},{"start":{"line":82,"column":51},"end":{"line":82,"column":64}}],"line":82},"4":{"loc":{"start":{"line":98,"column":13},"end":{"line":98,"column":59}},"type":"binary-expr","locations":[{"start":{"line":98,"column":13},"end":{"line":98,"column":38}},{"start":{"line":98,"column":42},"end":{"line":98,"column":59}}],"line":98},"5":{"loc":{"start":{"line":102,"column":14},"end":{"line":102,"column":39}},"type":"binary-expr","locations":[{"start":{"line":102,"column":14},"end":{"line":102,"column":21}},{"start":{"line":102,"column":25},"end":{"line":102,"column":39}}],"line":102},"6":{"loc":{"start":{"line":106,"column":14},"end":{"line":106,"column":49}},"type":"binary-expr","locations":[{"start":{"line":106,"column":14},"end":{"line":106,"column":21}},{"start":{"line":106,"column":25},"end":{"line":106,"column":49}}],"line":106},"7":{"loc":{"start":{"line":107,"column":20},"end":{"line":107,"column":68}},"type":"binary-expr","locations":[{"start":{"line":107,"column":20},"end":{"line":107,"column":46}},{"start":{"line":107,"column":50},"end":{"line":107,"column":68}}],"line":107},"8":{"loc":{"start":{"line":108,"column":20},"end":{"line":108,"column":68}},"type":"binary-expr","locations":[{"start":{"line":108,"column":20},"end":{"line":108,"column":46}},{"start":{"line":108,"column":50},"end":{"line":108,"column":68}}],"line":108},"9":{"loc":{"start":{"line":112,"column":14},"end":{"line":112,"column":45}},"type":"binary-expr","locations":[{"start":{"line":112,"column":14},"end":{"line":112,"column":34}},{"start":{"line":112,"column":38},"end":{"line":112,"column":45}}],"line":112},"10":{"loc":{"start":{"line":214,"column":12},"end":{"line":214,"column":42}},"type":"binary-expr","locations":[{"start":{"line":214,"column":12},"end":{"line":214,"column":22}},{"start":{"line":214,"column":26},"end":{"line":214,"column":42}}],"line":214},"11":{"loc":{"start":{"line":215,"column":12},"end":{"line":215,"column":65}},"type":"binary-expr","locations":[{"start":{"line":215,"column":12},"end":{"line":215,"column":21}},{"start":{"line":215,"column":25},"end":{"line":215,"column":32}},{"start":{"line":215,"column":36},"end":{"line":215,"column":65}}],"line":215}},"s":{"0":0,"1":0,"2":0,"3":0,"4":0,"5":0,"6":0,"7":0,"8":0,"9":0,"10":0,"11":0,"12":0,"13":0,"14":0,"15":0,"16":0,"17":0,"18":0,"19":0,"20":0,"21":0,"22":0,"23":0,"24":0,"25":0,"26":0,"27":0,"28":0,"29":0,"30":0,"31":0,"32":0,"33":0,"34":0,"35":0,"36":0,"37":0,"38":0,"39":0,"40":0,"41":0,"42":0},"f":{"0":0,"1":0,"2":0,"3":0,"4":0,"5":0,"6":0,"7":0,"8":0,"9":0,"10":0,"11":0,"12":0,"13":0,"14":0},"b":{"0":[0,0],"1":[0,0],"2":[0,0],"3":[0,0],"4":[0,0],"5":[0,0],"6":[0,0],"7":[0,0],"8":[0,0],"9":[0,0],"10":[0,0],"11":[0,0,0]}}
,"/Users/jamsea/git/accelerator-core-js/sample-app/src/index.js": {"path":"/Users/jamsea/git/accelerator-core-js/sample-app/src/index.js","statementMap":{"0":{"start":{"line":1,"column":58},"end":{"line":1,"column":121}}},"fnMap":{},"branchMap":{},"s":{"0":0},"f":{},"b":{}}
,"/Users/jamsea/git/accelerator-core-js/sample-app/src/ot-core/communication.js": {"path":"/Users/jamsea/git/accelerator-core-js/sample-app/src/ot-core/communication.js","statementMap":{"0":{"start":{"line":1,"column":39},"end":{"line":1,"column":101}},"1":{"start":{"line":4,"column":22},"end":{"line":4,"column":41}},"2":{"start":{"line":5,"column":42},"end":{"line":5,"column":59}},"3":{"start":{"line":6,"column":45},"end":{"line":6,"column":65}},"4":{"start":{"line":12,"column":30},"end":{"line":18,"column":32}},"5":{"start":{"line":23,"column":4},"end":{"line":23,"column":34}},"6":{"start":{"line":24,"column":4},"end":{"line":24,"column":22}},"7":{"start":{"line":25,"column":4},"end":{"line":25,"column":32}}},"fnMap":{"0":{"name":"(anonymous_0)","decl":{"start":{"line":22,"column":2},"end":{"line":22,"column":3}},"loc":{"start":{"line":22,"column":23},"end":{"line":26,"column":3}},"line":22}},"branchMap":{},"s":{"0":0,"1":0,"2":0,"3":0,"4":0,"5":0,"6":0,"7":0},"f":{"0":0},"b":{}}
,"/Users/jamsea/git/accelerator-core-js/sample-app/src/ot-core/core.js": {"path":"/Users/jamsea/git/accelerator-core-js/sample-app/src/ot-core/core.js","statementMap":{"0":{"start":{"line":5,"column":13},"end":{"line":5,"column":30}},"1":{"start":{"line":6,"column":14},"end":{"line":6,"column":40}},"2":{"start":{"line":7,"column":22},"end":{"line":7,"column":41}},"3":{"start":{"line":8,"column":22},"end":{"line":8,"column":56}},"4":{"start":{"line":9,"column":19},"end":{"line":9,"column":54}},"5":{"start":{"line":10,"column":22},"end":{"line":10,"column":41}},"6":{"start":{"line":16,"column":0},"end":{"line":16,"column":20}},"7":{"start":{"line":22,"column":42},"end":{"line":22,"column":46}},"8":{"start":{"line":31,"column":28},"end":{"line":38,"column":1}},"9":{"start":{"line":32,"column":19},"end":{"line":32,"column":51}},"10":{"start":{"line":33,"column":2},"end":{"line":37,"column":5}},"11":{"start":{"line":34,"column":4},"end":{"line":36,"column":5}},"12":{"start":{"line":35,"column":6},"end":{"line":35,"column":89}},"13":{"start":{"line":43,"column":4},"end":{"line":45,"column":5}},"14":{"start":{"line":44,"column":6},"end":{"line":44,"column":94}},"15":{"start":{"line":46,"column":28},"end":{"line":46,"column":35}},"16":{"start":{"line":47,"column":4},"end":{"line":47,"column":45}},"17":{"start":{"line":48,"column":4},"end":{"line":48,"column":29}},"18":{"start":{"line":51,"column":4},"end":{"line":51,"column":51}},"19":{"start":{"line":52,"column":4},"end":{"line":52,"column":108}},"20":{"start":{"line":53,"column":4},"end":{"line":53,"column":61}},"21":{"start":{"line":56,"column":25},"end":{"line":56,"column":94}},"22":{"start":{"line":57,"column":4},"end":{"line":57,"column":91}},"23":{"start":{"line":58,"column":4},"end":{"line":58,"column":37}},"24":{"start":{"line":59,"column":4},"end":{"line":59,"column":48}},"25":{"start":{"line":60,"column":4},"end":{"line":60,"column":51}},"26":{"start":{"line":61,"column":4},"end":{"line":61,"column":43}},"27":{"start":{"line":64,"column":4},"end":{"line":64,"column":30}},"28":{"start":{"line":65,"column":4},"end":{"line":65,"column":25}},"29":{"start":{"line":66,"column":4},"end":{"line":66,"column":30}},"30":{"start":{"line":67,"column":4},"end":{"line":67,"column":27}},"31":{"start":{"line":68,"column":4},"end":{"line":68,"column":26}},"32":{"start":{"line":71,"column":4},"end":{"line":71,"column":53}},"33":{"start":{"line":73,"column":4},"end":{"line":73,"column":61}},"34":{"start":{"line":686,"column":1532},"end":{"line":686,"column":1582}},"35":{"start":{"line":686,"column":1556},"end":{"line":686,"column":1581}},"36":{"start":{"line":686,"column":1582},"end":{"line":686,"column":1607}}},"fnMap":{"0":{"name":"(anonymous_0)","decl":{"start":{"line":31,"column":28},"end":{"line":31,"column":29}},"loc":{"start":{"line":31,"column":50},"end":{"line":38,"column":1}},"line":31},"1":{"name":"(anonymous_1)","decl":{"start":{"line":33,"column":19},"end":{"line":33,"column":20}},"loc":{"start":{"line":33,"column":33},"end":{"line":37,"column":3}},"line":33},"2":{"name":"(anonymous_2)","decl":{"start":{"line":41,"column":2},"end":{"line":41,"column":3}},"loc":{"start":{"line":41,"column":23},"end":{"line":74,"column":3}},"line":41}},"branchMap":{"0":{"loc":{"start":{"line":31,"column":29},"end":{"line":31,"column":45}},"type":"default-arg","locations":[{"start":{"line":31,"column":43},"end":{"line":31,"column":45}}],"line":31},"1":{"loc":{"start":{"line":34,"column":4},"end":{"line":36,"column":5}},"type":"if","locations":[{"start":{"line":34,"column":4},"end":{"line":36,"column":5}},{"start":{"line":34,"column":4},"end":{"line":36,"column":5}}],"line":34},"2":{"loc":{"start":{"line":43,"column":4},"end":{"line":45,"column":5}},"type":"if","locations":[{"start":{"line":43,"column":4},"end":{"line":45,"column":5}},{"start":{"line":43,"column":4},"end":{"line":45,"column":5}}],"line":43},"3":{"loc":{"start":{"line":56,"column":25},"end":{"line":56,"column":94}},"type":"cond-expr","locations":[{"start":{"line":56,"column":46},"end":{"line":56,"column":82}},{"start":{"line":56,"column":85},"end":{"line":56,"column":94}}],"line":56},"4":{"loc":{"start":{"line":686,"column":1532},"end":{"line":686,"column":1582}},"type":"if","locations":[{"start":{"line":686,"column":1532},"end":{"line":686,"column":1582}},{"start":{"line":686,"column":1532},"end":{"line":686,"column":1582}}],"line":686}},"s":{"0":0,"1":0,"2":0,"3":0,"4":0,"5":0,"6":0,"7":0,"8":0,"9":0,"10":0,"11":0,"12":0,"13":0,"14":0,"15":0,"16":0,"17":0,"18":0,"19":0,"20":0,"21":0,"22":0,"23":0,"24":0,"25":0,"26":0,"27":0,"28":0,"29":0,"30":0,"31":0,"32":0,"33":0,"34":0,"35":0,"36":0},"f":{"0":0,"1":0,"2":0},"b":{"0":[0],"1":[0,0],"2":[0,0],"3":[0,0],"4":[0,0]}}
,"/Users/jamsea/git/accelerator-core-js/sample-app/src/ot-core/errors.js": {"path":"/Users/jamsea/git/accelerator-core-js/sample-app/src/ot-core/errors.js","statementMap":{"0":{"start":{"line":4,"column":4},"end":{"line":4,"column":40}},"1":{"start":{"line":5,"column":4},"end":{"line":5,"column":26}},"2":{"start":{"line":9,"column":0},"end":{"line":10,"column":14}}},"fnMap":{"0":{"name":"(anonymous_0)","decl":{"start":{"line":3,"column":2},"end":{"line":3,"column":3}},"loc":{"start":{"line":3,"column":39},"end":{"line":6,"column":3}},"line":3}},"branchMap":{},"s":{"0":0,"1":0,"2":0},"f":{"0":0},"b":{}}
,"/Users/jamsea/git/accelerator-core-js/sample-app/src/ot-core/events.js": {"path":"/Users/jamsea/git/accelerator-core-js/sample-app/src/ot-core/events.js","statementMap":{"0":{"start":{"line":1,"column":54},"end":{"line":60,"column":19}},"1":{"start":{"line":64,"column":0},"end":{"line":64,"column":24}}},"fnMap":{},"branchMap":{},"s":{"0":0,"1":0},"f":{},"b":{}}
,"/Users/jamsea/git/accelerator-core-js/sample-app/src/ot-core/logging.js": {"path":"/Users/jamsea/git/accelerator-core-js/sample-app/src/ot-core/logging.js","statementMap":{"0":{"start":{"line":5,"column":4},"end":{"line":5,"column":33}},"1":{"start":{"line":12,"column":4},"end":{"line":12,"column":22}},"2":{"start":{"line":19,"column":4},"end":{"line":19,"column":22}},"3":{"start":{"line":24,"column":16},"end":{"line":24,"column":71}},"4":{"start":{"line":24,"column":31},"end":{"line":24,"column":71}},"5":{"start":{"line":28,"column":21},"end":{"line":31,"column":16}},"6":{"start":{"line":34,"column":18},"end":{"line":51,"column":37}},"7":{"start":{"line":57,"column":29},"end":{"line":62,"column":25}},"8":{"start":{"line":65,"column":4},"end":{"line":65,"column":56}},"9":{"start":{"line":67,"column":4},"end":{"line":69,"column":5}},"10":{"start":{"line":68,"column":6},"end":{"line":68,"column":51}},"11":{"start":{"line":88,"column":0},"end":{"line":92,"column":12}}},"fnMap":{"0":{"name":"(anonymous_0)","decl":{"start":{"line":4,"column":2},"end":{"line":4,"column":3}},"loc":{"start":{"line":4,"column":31},"end":{"line":6,"column":3}},"line":4},"1":{"name":"(anonymous_1)","decl":{"start":{"line":11,"column":2},"end":{"line":11,"column":3}},"loc":{"start":{"line":11,"column":23},"end":{"line":13,"column":3}},"line":11},"2":{"name":"(anonymous_2)","decl":{"start":{"line":18,"column":2},"end":{"line":18,"column":3}},"loc":{"start":{"line":18,"column":17},"end":{"line":20,"column":3}},"line":18},"3":{"name":"(anonymous_3)","decl":{"start":{"line":24,"column":16},"end":{"line":24,"column":17}},"loc":{"start":{"line":24,"column":31},"end":{"line":24,"column":71}},"line":24},"4":{"name":"(anonymous_4)","decl":{"start":{"line":56,"column":2},"end":{"line":56,"column":3}},"loc":{"start":{"line":56,"column":72},"end":{"line":70,"column":3}},"line":56}},"branchMap":{"0":{"loc":{"start":{"line":61,"column":12},"end":{"line":61,"column":48}},"type":"binary-expr","locations":[{"start":{"line":61,"column":12},"end":{"line":61,"column":27}},{"start":{"line":61,"column":31},"end":{"line":61,"column":48}}],"line":61},"1":{"loc":{"start":{"line":67,"column":4},"end":{"line":69,"column":5}},"type":"if","locations":[{"start":{"line":67,"column":4},"end":{"line":69,"column":5}},{"start":{"line":67,"column":4},"end":{"line":69,"column":5}}],"line":67}},"s":{"0":0,"1":0,"2":0,"3":0,"4":0,"5":0,"6":0,"7":0,"8":0,"9":0,"10":0,"11":0},"f":{"0":0,"1":0,"2":0,"3":0,"4":0},"b":{"0":[0,0],"1":[0,0]}}
,"/Users/jamsea/git/accelerator-core-js/sample-app/src/ot-core/state.js": {"path":"/Users/jamsea/git/accelerator-core-js/sample-app/src/ot-core/state.js","statementMap":{"0":{"start":{"line":1,"column":39},"end":{"line":1,"column":101}},"1":{"start":{"line":1,"column":120},"end":{"line":1,"column":137}},"2":{"start":{"line":254,"column":6},"end":{"line":254,"column":63}},"3":{"start":{"line":255,"column":4},"end":{"line":255,"column":71}},"4":{"start":{"line":256,"column":4},"end":{"line":256,"column":22}},"5":{"start":{"line":257,"column":4},"end":{"line":257,"column":24}},"6":{"start":{"line":258,"column":4},"end":{"line":258,"column":24}},"7":{"start":{"line":259,"column":4},"end":{"line":259,"column":28}},"8":{"start":{"line":260,"column":4},"end":{"line":260,"column":24}}},"fnMap":{"0":{"name":"(anonymous_0)","decl":{"start":{"line":4,"column":2},"end":{"line":4,"column":3}},"loc":{"start":{"line":4,"column":16},"end":{"line":260,"column":25}},"line":4}},"branchMap":{},"s":{"0":0,"1":0,"2":0,"3":0,"4":0,"5":0,"6":0,"7":0,"8":0},"f":{"0":0},"b":{}}
,"/Users/jamsea/git/accelerator-core-js/sample-app/src/ot-core/util.js": {"path":"/Users/jamsea/git/accelerator-core-js/sample-app/src/ot-core/util.js","statementMap":{"0":{"start":{"line":7,"column":12},"end":{"line":19,"column":5}},"1":{"start":{"line":9,"column":4},"end":{"line":9,"column":39}},"2":{"start":{"line":12,"column":4},"end":{"line":12,"column":40}},"3":{"start":{"line":15,"column":4},"end":{"line":15,"column":48}},"4":{"start":{"line":18,"column":4},"end":{"line":18,"column":56}},"5":{"start":{"line":27,"column":13},"end":{"line":38,"column":1}},"6":{"start":{"line":28,"column":15},"end":{"line":28,"column":18}},"7":{"start":{"line":29,"column":21},"end":{"line":29,"column":73}},"8":{"start":{"line":31,"column":2},"end":{"line":36,"column":3}},"9":{"start":{"line":32,"column":4},"end":{"line":32,"column":30}},"10":{"start":{"line":33,"column":4},"end":{"line":35,"column":5}},"11":{"start":{"line":34,"column":6},"end":{"line":34,"column":20}},"12":{"start":{"line":37,"column":2},"end":{"line":37,"column":16}},"13":{"start":{"line":47,"column":15},"end":{"line":50,"column":1}},"14":{"start":{"line":48,"column":16},"end":{"line":48,"column":32}},"15":{"start":{"line":49,"column":2},"end":{"line":49,"column":41}},"16":{"start":{"line":57,"column":19},"end":{"line":57,"column":69}},"17":{"start":{"line":57,"column":27},"end":{"line":57,"column":69}},"18":{"start":{"line":59,"column":0},"end":{"line":63,"column":15}}},"fnMap":{"0":{"name":"(anonymous_0)","decl":{"start":{"line":27,"column":13},"end":{"line":27,"column":14}},"loc":{"start":{"line":27,"column":29},"end":{"line":38,"column":1}},"line":27},"1":{"name":"(anonymous_1)","decl":{"start":{"line":47,"column":15},"end":{"line":47,"column":16}},"loc":{"start":{"line":47,"column":34},"end":{"line":50,"column":1}},"line":47},"2":{"name":"(anonymous_2)","decl":{"start":{"line":57,"column":19},"end":{"line":57,"column":20}},"loc":{"start":{"line":57,"column":27},"end":{"line":57,"column":69}},"line":57}},"branchMap":{"0":{"loc":{"start":{"line":18,"column":11},"end":{"line":18,"column":55}},"type":"cond-expr","locations":[{"start":{"line":18,"column":36},"end":{"line":18,"column":50}},{"start":{"line":18,"column":53},"end":{"line":18,"column":55}}],"line":18},"1":{"loc":{"start":{"line":29,"column":21},"end":{"line":29,"column":73}},"type":"cond-expr","locations":[{"start":{"line":29,"column":49},"end":{"line":29,"column":65}},{"start":{"line":29,"column":68},"end":{"line":29,"column":73}}],"line":29},"2":{"loc":{"start":{"line":33,"column":4},"end":{"line":35,"column":5}},"type":"if","locations":[{"start":{"line":33,"column":4},"end":{"line":35,"column":5}},{"start":{"line":33,"column":4},"end":{"line":35,"column":5}}],"line":33},"3":{"loc":{"start":{"line":49,"column":9},"end":{"line":49,"column":40}},"type":"cond-expr","locations":[{"start":{"line":49,"column":31},"end":{"line":49,"column":32}},{"start":{"line":49,"column":35},"end":{"line":49,"column":40}}],"line":49}},"s":{"0":0,"1":0,"2":0,"3":0,"4":0,"5":0,"6":0,"7":0,"8":0,"9":0,"10":0,"11":0,"12":0,"13":0,"14":0,"15":0,"16":0,"17":0,"18":0},"f":{"0":0,"1":0,"2":0},"b":{"0":[0,0],"1":[0,0],"2":[0,0],"3":[0,0]}}
,"/Users/jamsea/git/accelerator-core-js/sample-app/src/ot-core/sdk-wrapper/errors.js": {"path":"/Users/jamsea/git/accelerator-core-js/sample-app/src/ot-core/sdk-wrapper/errors.js","statementMap":{"0":{"start":{"line":4,"column":4},"end":{"line":4,"column":36}},"1":{"start":{"line":5,"column":4},"end":{"line":5,"column":26}},"2":{"start":{"line":9,"column":0},"end":{"line":10,"column":13}}},"fnMap":{"0":{"name":"(anonymous_0)","decl":{"start":{"line":3,"column":2},"end":{"line":3,"column":3}},"loc":{"start":{"line":3,"column":39},"end":{"line":6,"column":3}},"line":3}},"branchMap":{},"s":{"0":0,"1":0,"2":0},"f":{"0":0},"b":{}}
,"/Users/jamsea/git/accelerator-core-js/sample-app/src/ot-core/sdk-wrapper/logging.js": {"path":"/Users/jamsea/git/accelerator-core-js/sample-app/src/ot-core/sdk-wrapper/logging.js","statementMap":{"0":{"start":{"line":2,"column":16},"end":{"line":2,"column":67}},"1":{"start":{"line":2,"column":31},"end":{"line":2,"column":67}},"2":{"start":{"line":4,"column":0},"end":{"line":5,"column":12}}},"fnMap":{"0":{"name":"(anonymous_0)","decl":{"start":{"line":2,"column":16},"end":{"line":2,"column":17}},"loc":{"start":{"line":2,"column":31},"end":{"line":2,"column":67}},"line":2}},"branchMap":{},"s":{"0":0,"1":0,"2":0},"f":{"0":0},"b":{}}
,"/Users/jamsea/git/accelerator-core-js/sample-app/src/ot-core/sdk-wrapper/sdkWrapper.js": {"path":"/Users/jamsea/git/accelerator-core-js/sample-app/src/ot-core/sdk-wrapper/sdkWrapper.js","statementMap":{"0":{"start":{"line":4,"column":14},"end":{"line":4,"column":32}},"1":{"start":{"line":5,"column":21},"end":{"line":5,"column":40}},"2":{"start":{"line":9,"column":17},"end":{"line":9,"column":30}},"3":{"start":{"line":21,"column":28},"end":{"line":29,"column":1}},"4":{"start":{"line":22,"column":19},"end":{"line":22,"column":51}},"5":{"start":{"line":23,"column":2},"end":{"line":27,"column":5}},"6":{"start":{"line":24,"column":4},"end":{"line":26,"column":5}},"7":{"start":{"line":25,"column":6},"end":{"line":25,"column":88}},"8":{"start":{"line":28,"column":2},"end":{"line":28,"column":21}},"9":{"start":{"line":37,"column":22},"end":{"line":42,"column":2}},"10":{"start":{"line":38,"column":0},"end":{"line":42,"column":2}},"11":{"start":{"line":39,"column":20},"end":{"line":41,"column":4}},"12":{"start":{"line":40,"column":4},"end":{"line":40,"column":47}},"13":{"start":{"line":49,"column":21},"end":{"line":55,"column":1}},"14":{"start":{"line":50,"column":22},"end":{"line":50,"column":92}},"15":{"start":{"line":51,"column":2},"end":{"line":53,"column":3}},"16":{"start":{"line":52,"column":4},"end":{"line":52,"column":57}},"17":{"start":{"line":54,"column":2},"end":{"line":54,"column":43}},"18":{"start":{"line":64,"column":22},"end":{"line":80,"column":1}},"19":{"start":{"line":69,"column":36},"end":{"line":73,"column":3}},"20":{"start":{"line":70,"column":4},"end":{"line":72,"column":7}},"21":{"start":{"line":71,"column":6},"end":{"line":71,"column":66}},"22":{"start":{"line":75,"column":2},"end":{"line":79,"column":3}},"23":{"start":{"line":76,"column":4},"end":{"line":76,"column":71}},"24":{"start":{"line":76,"column":34},"end":{"line":76,"column":69}},"25":{"start":{"line":78,"column":4},"end":{"line":78,"column":41}},"26":{"start":{"line":95,"column":4},"end":{"line":95,"column":56}},"27":{"start":{"line":96,"column":4},"end":{"line":96,"column":36}},"28":{"start":{"line":97,"column":4},"end":{"line":97,"column":77}},"29":{"start":{"line":106,"column":24},"end":{"line":106,"column":28}},"30":{"start":{"line":107,"column":4},"end":{"line":107,"column":82}},"31":{"start":{"line":118,"column":18},"end":{"line":118,"column":36}},"32":{"start":{"line":119,"column":4},"end":{"line":119,"column":78}},"33":{"start":{"line":119,"column":53},"end":{"line":119,"column":76}},"34":{"start":{"line":120,"column":4},"end":{"line":120,"column":83}},"35":{"start":{"line":120,"column":55},"end":{"line":120,"column":81}},"36":{"start":{"line":121,"column":4},"end":{"line":121,"column":91}},"37":{"start":{"line":121,"column":65},"end":{"line":121,"column":89}},"38":{"start":{"line":122,"column":4},"end":{"line":122,"column":76}},"39":{"start":{"line":122,"column":49},"end":{"line":122,"column":74}},"40":{"start":{"line":134,"column":4},"end":{"line":138,"column":5}},"41":{"start":{"line":135,"column":6},"end":{"line":135,"column":49}},"42":{"start":{"line":136,"column":11},"end":{"line":138,"column":5}},"43":{"start":{"line":137,"column":6},"end":{"line":137,"column":57}},"44":{"start":{"line":149,"column":4},"end":{"line":149,"column":30}},"45":{"start":{"line":157,"column":27},"end":{"line":157,"column":57}},"46":{"start":{"line":158,"column":4},"end":{"line":160,"column":7}},"47":{"start":{"line":159,"column":6},"end":{"line":159,"column":58}},"48":{"start":{"line":168,"column":27},"end":{"line":168,"column":57}},"49":{"start":{"line":169,"column":4},"end":{"line":171,"column":7}},"50":{"start":{"line":170,"column":6},"end":{"line":170,"column":58}},"51":{"start":{"line":180,"column":39},"end":{"line":180,"column":63}},"52":{"start":{"line":181,"column":25},"end":{"line":181,"column":44}},"53":{"start":{"line":182,"column":23},"end":{"line":182,"column":91}},"54":{"start":{"line":183,"column":4},"end":{"line":183,"column":54}},"55":{"start":{"line":192,"column":39},"end":{"line":192,"column":63}},"56":{"start":{"line":193,"column":25},"end":{"line":193,"column":44}},"57":{"start":{"line":194,"column":23},"end":{"line":194,"column":91}},"58":{"start":{"line":195,"column":4},"end":{"line":195,"column":54}},"59":{"start":{"line":208,"column":4},"end":{"line":220,"column":7}},"60":{"start":{"line":209,"column":6},"end":{"line":219,"column":23}},"61":{"start":{"line":211,"column":8},"end":{"line":211,"column":73}},"62":{"start":{"line":212,"column":8},"end":{"line":218,"column":9}},"63":{"start":{"line":213,"column":10},"end":{"line":213,"column":29}},"64":{"start":{"line":215,"column":10},"end":{"line":217,"column":24}},"65":{"start":{"line":229,"column":4},"end":{"line":237,"column":7}},"66":{"start":{"line":230,"column":20},"end":{"line":230,"column":38}},"67":{"start":{"line":231,"column":6},"end":{"line":236,"column":9}},"68":{"start":{"line":232,"column":8},"end":{"line":232,"column":31}},"69":{"start":{"line":233,"column":21},"end":{"line":233,"column":47}},"70":{"start":{"line":234,"column":8},"end":{"line":234,"column":44}},"71":{"start":{"line":235,"column":8},"end":{"line":235,"column":27}},"72":{"start":{"line":245,"column":17},"end":{"line":245,"column":43}},"73":{"start":{"line":246,"column":18},"end":{"line":246,"column":36}},"74":{"start":{"line":247,"column":4},"end":{"line":247,"column":38}},"75":{"start":{"line":248,"column":4},"end":{"line":248,"column":43}},"76":{"start":{"line":262,"column":18},"end":{"line":262,"column":36}},"77":{"start":{"line":263,"column":4},"end":{"line":273,"column":7}},"78":{"start":{"line":264,"column":25},"end":{"line":272,"column":8}},"79":{"start":{"line":265,"column":8},"end":{"line":271,"column":9}},"80":{"start":{"line":266,"column":10},"end":{"line":266,"column":24}},"81":{"start":{"line":268,"column":10},"end":{"line":268,"column":42}},"82":{"start":{"line":269,"column":10},"end":{"line":269,"column":76}},"83":{"start":{"line":270,"column":10},"end":{"line":270,"column":30}},"84":{"start":{"line":282,"column":18},"end":{"line":282,"column":36}},"85":{"start":{"line":283,"column":4},"end":{"line":287,"column":7}},"86":{"start":{"line":284,"column":6},"end":{"line":284,"column":43}},"87":{"start":{"line":285,"column":6},"end":{"line":285,"column":41}},"88":{"start":{"line":286,"column":6},"end":{"line":286,"column":16}},"89":{"start":{"line":297,"column":4},"end":{"line":297,"column":15}},"90":{"start":{"line":298,"column":4},"end":{"line":298,"column":32}},"91":{"start":{"line":299,"column":4},"end":{"line":299,"column":46}},"92":{"start":{"line":300,"column":4},"end":{"line":305,"column":7}},"93":{"start":{"line":301,"column":24},"end":{"line":301,"column":40}},"94":{"start":{"line":302,"column":6},"end":{"line":304,"column":9}},"95":{"start":{"line":303,"column":8},"end":{"line":303,"column":42}},"96":{"start":{"line":314,"column":4},"end":{"line":318,"column":7}},"97":{"start":{"line":315,"column":6},"end":{"line":317,"column":9}},"98":{"start":{"line":316,"column":8},"end":{"line":316,"column":42}},"99":{"start":{"line":327,"column":4},"end":{"line":331,"column":7}},"100":{"start":{"line":328,"column":6},"end":{"line":330,"column":9}},"101":{"start":{"line":329,"column":8},"end":{"line":329,"column":42}},"102":{"start":{"line":344,"column":17},"end":{"line":344,"column":43}},"103":{"start":{"line":345,"column":19},"end":{"line":345,"column":59}},"104":{"start":{"line":346,"column":4},"end":{"line":350,"column":7}},"105":{"start":{"line":347,"column":6},"end":{"line":349,"column":9}},"106":{"start":{"line":348,"column":8},"end":{"line":348,"column":42}},"107":{"start":{"line":357,"column":4},"end":{"line":357,"column":30}},"108":{"start":{"line":358,"column":4},"end":{"line":358,"column":31}},"109":{"start":{"line":366,"column":4},"end":{"line":366,"column":36}},"110":{"start":{"line":370,"column":0},"end":{"line":372,"column":1}},"111":{"start":{"line":371,"column":2},"end":{"line":371,"column":33}},"112":{"start":{"line":374,"column":0},"end":{"line":374,"column":28}}},"fnMap":{"0":{"name":"(anonymous_0)","decl":{"start":{"line":21,"column":28},"end":{"line":21,"column":29}},"loc":{"start":{"line":21,"column":50},"end":{"line":29,"column":1}},"line":21},"1":{"name":"(anonymous_1)","decl":{"start":{"line":23,"column":19},"end":{"line":23,"column":20}},"loc":{"start":{"line":23,"column":33},"end":{"line":27,"column":3}},"line":23},"2":{"name":"(anonymous_2)","decl":{"start":{"line":37,"column":22},"end":{"line":37,"column":23}},"loc":{"start":{"line":38,"column":0},"end":{"line":42,"column":2}},"line":38},"3":{"name":"(anonymous_3)","decl":{"start":{"line":38,"column":12},"end":{"line":38,"column":13}},"loc":{"start":{"line":38,"column":33},"end":{"line":42,"column":1}},"line":38},"4":{"name":"(anonymous_4)","decl":{"start":{"line":39,"column":58},"end":{"line":39,"column":59}},"loc":{"start":{"line":39,"column":67},"end":{"line":41,"column":3}},"line":39},"5":{"name":"(anonymous_5)","decl":{"start":{"line":49,"column":21},"end":{"line":49,"column":22}},"loc":{"start":{"line":49,"column":59},"end":{"line":55,"column":1}},"line":49},"6":{"name":"(anonymous_6)","decl":{"start":{"line":64,"column":22},"end":{"line":64,"column":23}},"loc":{"start":{"line":64,"column":54},"end":{"line":80,"column":1}},"line":64},"7":{"name":"(anonymous_7)","decl":{"start":{"line":69,"column":36},"end":{"line":69,"column":37}},"loc":{"start":{"line":69,"column":54},"end":{"line":73,"column":3}},"line":69},"8":{"name":"(anonymous_8)","decl":{"start":{"line":70,"column":40},"end":{"line":70,"column":41}},"loc":{"start":{"line":70,"column":49},"end":{"line":72,"column":5}},"line":70},"9":{"name":"(anonymous_9)","decl":{"start":{"line":76,"column":22},"end":{"line":76,"column":23}},"loc":{"start":{"line":76,"column":34},"end":{"line":76,"column":69}},"line":76},"10":{"name":"(anonymous_10)","decl":{"start":{"line":94,"column":2},"end":{"line":94,"column":3}},"loc":{"start":{"line":94,"column":27},"end":{"line":98,"column":3}},"line":94},"11":{"name":"(anonymous_11)","decl":{"start":{"line":105,"column":2},"end":{"line":105,"column":3}},"loc":{"start":{"line":105,"column":19},"end":{"line":108,"column":3}},"line":105},"12":{"name":"(anonymous_12)","decl":{"start":{"line":113,"column":2},"end":{"line":113,"column":3}},"loc":{"start":{"line":113,"column":25},"end":{"line":123,"column":3}},"line":113},"13":{"name":"(anonymous_13)","decl":{"start":{"line":119,"column":37},"end":{"line":119,"column":38}},"loc":{"start":{"line":119,"column":53},"end":{"line":119,"column":76}},"line":119},"14":{"name":"(anonymous_14)","decl":{"start":{"line":120,"column":39},"end":{"line":120,"column":40}},"loc":{"start":{"line":120,"column":55},"end":{"line":120,"column":81}},"line":120},"15":{"name":"(anonymous_15)","decl":{"start":{"line":121,"column":59},"end":{"line":121,"column":60}},"loc":{"start":{"line":121,"column":65},"end":{"line":121,"column":89}},"line":121},"16":{"name":"(anonymous_16)","decl":{"start":{"line":122,"column":43},"end":{"line":122,"column":44}},"loc":{"start":{"line":122,"column":49},"end":{"line":122,"column":74}},"line":122},"17":{"name":"(anonymous_17)","decl":{"start":{"line":133,"column":2},"end":{"line":133,"column":3}},"loc":{"start":{"line":133,"column":14},"end":{"line":139,"column":3}},"line":133},"18":{"name":"(anonymous_18)","decl":{"start":{"line":148,"column":2},"end":{"line":148,"column":3}},"loc":{"start":{"line":148,"column":15},"end":{"line":150,"column":3}},"line":148},"19":{"name":"(anonymous_19)","decl":{"start":{"line":156,"column":2},"end":{"line":156,"column":3}},"loc":{"start":{"line":156,"column":31},"end":{"line":161,"column":3}},"line":156},"20":{"name":"(anonymous_20)","decl":{"start":{"line":158,"column":43},"end":{"line":158,"column":44}},"loc":{"start":{"line":158,"column":58},"end":{"line":160,"column":5}},"line":158},"21":{"name":"(anonymous_21)","decl":{"start":{"line":167,"column":2},"end":{"line":167,"column":3}},"loc":{"start":{"line":167,"column":31},"end":{"line":172,"column":3}},"line":167},"22":{"name":"(anonymous_22)","decl":{"start":{"line":169,"column":43},"end":{"line":169,"column":44}},"loc":{"start":{"line":169,"column":58},"end":{"line":171,"column":5}},"line":169},"23":{"name":"(anonymous_23)","decl":{"start":{"line":179,"column":2},"end":{"line":179,"column":3}},"loc":{"start":{"line":179,"column":42},"end":{"line":184,"column":3}},"line":179},"24":{"name":"(anonymous_24)","decl":{"start":{"line":191,"column":2},"end":{"line":191,"column":3}},"loc":{"start":{"line":191,"column":42},"end":{"line":196,"column":3}},"line":191},"25":{"name":"(anonymous_25)","decl":{"start":{"line":207,"column":2},"end":{"line":207,"column":3}},"loc":{"start":{"line":207,"column":71},"end":{"line":221,"column":3}},"line":207},"26":{"name":"(anonymous_26)","decl":{"start":{"line":208,"column":23},"end":{"line":208,"column":24}},"loc":{"start":{"line":208,"column":44},"end":{"line":220,"column":5}},"line":208},"27":{"name":"(anonymous_27)","decl":{"start":{"line":210,"column":12},"end":{"line":210,"column":13}},"loc":{"start":{"line":210,"column":25},"end":{"line":219,"column":7}},"line":210},"28":{"name":"(anonymous_28)","decl":{"start":{"line":228,"column":2},"end":{"line":228,"column":3}},"loc":{"start":{"line":228,"column":28},"end":{"line":238,"column":3}},"line":228},"29":{"name":"(anonymous_29)","decl":{"start":{"line":229,"column":23},"end":{"line":229,"column":24}},"loc":{"start":{"line":229,"column":44},"end":{"line":237,"column":5}},"line":229},"30":{"name":"(anonymous_30)","decl":{"start":{"line":231,"column":38},"end":{"line":231,"column":39}},"loc":{"start":{"line":231,"column":47},"end":{"line":236,"column":7}},"line":231},"31":{"name":"(anonymous_31)","decl":{"start":{"line":244,"column":2},"end":{"line":244,"column":3}},"loc":{"start":{"line":244,"column":23},"end":{"line":249,"column":3}},"line":244},"32":{"name":"(anonymous_32)","decl":{"start":{"line":261,"column":2},"end":{"line":261,"column":3}},"loc":{"start":{"line":261,"column":59},"end":{"line":274,"column":3}},"line":261},"33":{"name":"(anonymous_33)","decl":{"start":{"line":263,"column":23},"end":{"line":263,"column":24}},"loc":{"start":{"line":263,"column":44},"end":{"line":273,"column":5}},"line":263},"34":{"name":"(anonymous_34)","decl":{"start":{"line":264,"column":79},"end":{"line":264,"column":80}},"loc":{"start":{"line":264,"column":88},"end":{"line":272,"column":7}},"line":264},"35":{"name":"(anonymous_35)","decl":{"start":{"line":281,"column":2},"end":{"line":281,"column":3}},"loc":{"start":{"line":281,"column":26},"end":{"line":288,"column":3}},"line":281},"36":{"name":"(anonymous_36)","decl":{"start":{"line":283,"column":23},"end":{"line":283,"column":24}},"loc":{"start":{"line":283,"column":34},"end":{"line":287,"column":5}},"line":283},"37":{"name":"(anonymous_37)","decl":{"start":{"line":296,"column":2},"end":{"line":296,"column":3}},"loc":{"start":{"line":296,"column":26},"end":{"line":306,"column":3}},"line":296},"38":{"name":"(anonymous_38)","decl":{"start":{"line":300,"column":23},"end":{"line":300,"column":24}},"loc":{"start":{"line":300,"column":44},"end":{"line":305,"column":5}},"line":300},"39":{"name":"(anonymous_39)","decl":{"start":{"line":302,"column":34},"end":{"line":302,"column":35}},"loc":{"start":{"line":302,"column":43},"end":{"line":304,"column":7}},"line":302},"40":{"name":"(anonymous_40)","decl":{"start":{"line":313,"column":2},"end":{"line":313,"column":3}},"loc":{"start":{"line":313,"column":30},"end":{"line":319,"column":3}},"line":313},"41":{"name":"(anonymous_41)","decl":{"start":{"line":314,"column":23},"end":{"line":314,"column":24}},"loc":{"start":{"line":314,"column":44},"end":{"line":318,"column":5}},"line":314},"42":{"name":"(anonymous_42)","decl":{"start":{"line":315,"column":47},"end":{"line":315,"column":48}},"loc":{"start":{"line":315,"column":56},"end":{"line":317,"column":7}},"line":315},"43":{"name":"(anonymous_43)","decl":{"start":{"line":326,"column":2},"end":{"line":326,"column":3}},"loc":{"start":{"line":326,"column":25},"end":{"line":332,"column":3}},"line":326},"44":{"name":"(anonymous_44)","decl":{"start":{"line":327,"column":23},"end":{"line":327,"column":24}},"loc":{"start":{"line":327,"column":44},"end":{"line":331,"column":5}},"line":327},"45":{"name":"(anonymous_45)","decl":{"start":{"line":328,"column":42},"end":{"line":328,"column":43}},"loc":{"start":{"line":328,"column":51},"end":{"line":330,"column":7}},"line":328},"46":{"name":"(anonymous_46)","decl":{"start":{"line":343,"column":2},"end":{"line":343,"column":3}},"loc":{"start":{"line":343,"column":31},"end":{"line":351,"column":3}},"line":343},"47":{"name":"(anonymous_47)","decl":{"start":{"line":346,"column":23},"end":{"line":346,"column":24}},"loc":{"start":{"line":346,"column":44},"end":{"line":350,"column":5}},"line":346},"48":{"name":"(anonymous_48)","decl":{"start":{"line":347,"column":34},"end":{"line":347,"column":35}},"loc":{"start":{"line":347,"column":43},"end":{"line":349,"column":7}},"line":347},"49":{"name":"(anonymous_49)","decl":{"start":{"line":356,"column":2},"end":{"line":356,"column":3}},"loc":{"start":{"line":356,"column":15},"end":{"line":359,"column":3}},"line":356},"50":{"name":"(anonymous_50)","decl":{"start":{"line":365,"column":2},"end":{"line":365,"column":3}},"loc":{"start":{"line":365,"column":10},"end":{"line":367,"column":3}},"line":365}},"branchMap":{"0":{"loc":{"start":{"line":21,"column":29},"end":{"line":21,"column":45}},"type":"default-arg","locations":[{"start":{"line":21,"column":43},"end":{"line":21,"column":45}}],"line":21},"1":{"loc":{"start":{"line":24,"column":4},"end":{"line":26,"column":5}},"type":"if","locations":[{"start":{"line":24,"column":4},"end":{"line":26,"column":5}},{"start":{"line":24,"column":4},"end":{"line":26,"column":5}}],"line":24},"2":{"loc":{"start":{"line":40,"column":4},"end":{"line":40,"column":46}},"type":"cond-expr","locations":[{"start":{"line":40,"column":12},"end":{"line":40,"column":25}},{"start":{"line":40,"column":28},"end":{"line":40,"column":46}}],"line":40},"3":{"loc":{"start":{"line":51,"column":2},"end":{"line":53,"column":3}},"type":"if","locations":[{"start":{"line":51,"column":2},"end":{"line":53,"column":3}},{"start":{"line":51,"column":2},"end":{"line":53,"column":3}}],"line":51},"4":{"loc":{"start":{"line":51,"column":6},"end":{"line":51,"column":65}},"type":"binary-expr","locations":[{"start":{"line":51,"column":6},"end":{"line":51,"column":31}},{"start":{"line":51,"column":35},"end":{"line":51,"column":65}}],"line":51},"5":{"loc":{"start":{"line":75,"column":2},"end":{"line":79,"column":3}},"type":"if","locations":[{"start":{"line":75,"column":2},"end":{"line":79,"column":3}},{"start":{"line":75,"column":2},"end":{"line":79,"column":3}}],"line":75},"6":{"loc":{"start":{"line":107,"column":11},"end":{"line":107,"column":81}},"type":"binary-expr","locations":[{"start":{"line":107,"column":11},"end":{"line":107,"column":18}},{"start":{"line":107,"column":22},"end":{"line":107,"column":81}}],"line":107},"7":{"loc":{"start":{"line":134,"column":4},"end":{"line":138,"column":5}},"type":"if","locations":[{"start":{"line":134,"column":4},"end":{"line":138,"column":5}},{"start":{"line":134,"column":4},"end":{"line":138,"column":5}}],"line":134},"8":{"loc":{"start":{"line":134,"column":8},"end":{"line":134,"column":56}},"type":"binary-expr","locations":[{"start":{"line":134,"column":8},"end":{"line":134,"column":25}},{"start":{"line":134,"column":29},"end":{"line":134,"column":56}}],"line":134},"9":{"loc":{"start":{"line":136,"column":11},"end":{"line":138,"column":5}},"type":"if","locations":[{"start":{"line":136,"column":11},"end":{"line":138,"column":5}},{"start":{"line":136,"column":11},"end":{"line":138,"column":5}}],"line":136},"10":{"loc":{"start":{"line":182,"column":23},"end":{"line":182,"column":91}},"type":"binary-expr","locations":[{"start":{"line":182,"column":23},"end":{"line":182,"column":55}},{"start":{"line":182,"column":59},"end":{"line":182,"column":91}}],"line":182},"11":{"loc":{"start":{"line":183,"column":4},"end":{"line":183,"column":53}},"type":"binary-expr","locations":[{"start":{"line":183,"column":4},"end":{"line":183,"column":14}},{"start":{"line":183,"column":18},"end":{"line":183,"column":53}}],"line":183},"12":{"loc":{"start":{"line":194,"column":23},"end":{"line":194,"column":91}},"type":"binary-expr","locations":[{"start":{"line":194,"column":23},"end":{"line":194,"column":55}},{"start":{"line":194,"column":59},"end":{"line":194,"column":91}}],"line":194},"13":{"loc":{"start":{"line":195,"column":4},"end":{"line":195,"column":53}},"type":"binary-expr","locations":[{"start":{"line":195,"column":4},"end":{"line":195,"column":14}},{"start":{"line":195,"column":18},"end":{"line":195,"column":53}}],"line":195},"14":{"loc":{"start":{"line":207,"column":31},"end":{"line":207,"column":52}},"type":"default-arg","locations":[{"start":{"line":207,"column":48},"end":{"line":207,"column":52}}],"line":207},"15":{"loc":{"start":{"line":207,"column":54},"end":{"line":207,"column":69}},"type":"default-arg","locations":[{"start":{"line":207,"column":64},"end":{"line":207,"column":69}}],"line":207},"16":{"loc":{"start":{"line":211,"column":8},"end":{"line":211,"column":72}},"type":"binary-expr","locations":[{"start":{"line":211,"column":8},"end":{"line":211,"column":22}},{"start":{"line":211,"column":26},"end":{"line":211,"column":72}}],"line":211},"17":{"loc":{"start":{"line":212,"column":8},"end":{"line":218,"column":9}},"type":"if","locations":[{"start":{"line":212,"column":8},"end":{"line":218,"column":9}},{"start":{"line":212,"column":8},"end":{"line":218,"column":9}}],"line":212},"18":{"loc":{"start":{"line":232,"column":8},"end":{"line":232,"column":30}},"type":"binary-expr","locations":[{"start":{"line":232,"column":8},"end":{"line":232,"column":13}},{"start":{"line":232,"column":17},"end":{"line":232,"column":30}}],"line":232},"19":{"loc":{"start":{"line":265,"column":8},"end":{"line":271,"column":9}},"type":"if","locations":[{"start":{"line":265,"column":8},"end":{"line":271,"column":9}},{"start":{"line":265,"column":8},"end":{"line":271,"column":9}}],"line":265},"20":{"loc":{"start":{"line":269,"column":10},"end":{"line":269,"column":75}},"type":"binary-expr","locations":[{"start":{"line":269,"column":10},"end":{"line":269,"column":24}},{"start":{"line":269,"column":28},"end":{"line":269,"column":75}}],"line":269},"21":{"loc":{"start":{"line":299,"column":4},"end":{"line":299,"column":45}},"type":"binary-expr","locations":[{"start":{"line":299,"column":4},"end":{"line":299,"column":18}},{"start":{"line":299,"column":22},"end":{"line":299,"column":45}}],"line":299},"22":{"loc":{"start":{"line":303,"column":8},"end":{"line":303,"column":41}},"type":"cond-expr","locations":[{"start":{"line":303,"column":16},"end":{"line":303,"column":29}},{"start":{"line":303,"column":32},"end":{"line":303,"column":41}}],"line":303},"23":{"loc":{"start":{"line":316,"column":8},"end":{"line":316,"column":41}},"type":"cond-expr","locations":[{"start":{"line":316,"column":16},"end":{"line":316,"column":29}},{"start":{"line":316,"column":32},"end":{"line":316,"column":41}}],"line":316},"24":{"loc":{"start":{"line":329,"column":8},"end":{"line":329,"column":41}},"type":"cond-expr","locations":[{"start":{"line":329,"column":16},"end":{"line":329,"column":29}},{"start":{"line":329,"column":32},"end":{"line":329,"column":41}}],"line":329},"25":{"loc":{"start":{"line":345,"column":19},"end":{"line":345,"column":59}},"type":"cond-expr","locations":[{"start":{"line":345,"column":24},"end":{"line":345,"column":42}},{"start":{"line":345,"column":45},"end":{"line":345,"column":59}}],"line":345},"26":{"loc":{"start":{"line":348,"column":8},"end":{"line":348,"column":41}},"type":"cond-expr","locations":[{"start":{"line":348,"column":16},"end":{"line":348,"column":29}},{"start":{"line":348,"column":32},"end":{"line":348,"column":41}}],"line":348},"27":{"loc":{"start":{"line":370,"column":0},"end":{"line":372,"column":1}},"type":"if","locations":[{"start":{"line":370,"column":0},"end":{"line":372,"column":1}},{"start":{"line":370,"column":0},"end":{"line":372,"column":1}}],"line":370}},"s":{"0":0,"1":0,"2":0,"3":0,"4":0,"5":0,"6":0,"7":0,"8":0,"9":0,"10":0,"11":0,"12":0,"13":0,"14":0,"15":0,"16":0,"17":0,"18":0,"19":0,"20":0,"21":0,"22":0,"23":0,"24":0,"25":0,"26":0,"27":0,"28":0,"29":0,"30":0,"31":0,"32":0,"33":0,"34":0,"35":0,"36":0,"37":0,"38":0,"39":0,"40":0,"41":0,"42":0,"43":0,"44":0,"45":0,"46":0,"47":0,"48":0,"49":0,"50":0,"51":0,"52":0,"53":0,"54":0,"55":0,"56":0,"57":0,"58":0,"59":0,"60":0,"61":0,"62":0,"63":0,"64":0,"65":0,"66":0,"67":0,"68":0,"69":0,"70":0,"71":0,"72":0,"73":0,"74":0,"75":0,"76":0,"77":0,"78":0,"79":0,"80":0,"81":0,"82":0,"83":0,"84":0,"85":0,"86":0,"87":0,"88":0,"89":0,"90":0,"91":0,"92":0,"93":0,"94":0,"95":0,"96":0,"97":0,"98":0,"99":0,"100":0,"101":0,"102":0,"103":0,"104":0,"105":0,"106":0,"107":0,"108":0,"109":0,"110":0,"111":0,"112":0},"f":{"0":0,"1":0,"2":0,"3":0,"4":0,"5":0,"6":0,"7":0,"8":0,"9":0,"10":0,"11":0,"12":0,"13":0,"14":0,"15":0,"16":0,"17":0,"18":0,"19":0,"20":0,"21":0,"22":0,"23":0,"24":0,"25":0,"26":0,"27":0,"28":0,"29":0,"30":0,"31":0,"32":0,"33":0,"34":0,"35":0,"36":0,"37":0,"38":0,"39":0,"40":0,"41":0,"42":0,"43":0,"44":0,"45":0,"46":0,"47":0,"48":0,"49":0,"50":0},"b":{"0":[0],"1":[0,0],"2":[0,0],"3":[0,0],"4":[0,0],"5":[0,0],"6":[0,0],"7":[0,0],"8":[0,0],"9":[0,0],"10":[0,0],"11":[0,0],"12":[0,0],"13":[0,0],"14":[0],"15":[0],"16":[0,0],"17":[0,0],"18":[0,0],"19":[0,0],"20":[0,0],"21":[0,0],"22":[0,0],"23":[0,0],"24":[0,0],"25":[0,0],"26":[0,0],"27":[0,0]}}
,"/Users/jamsea/git/accelerator-core-js/sample-app/src/ot-core/sdk-wrapper/state.js": {"path":"/Users/jamsea/git/accelerator-core-js/sample-app/src/ot-core/sdk-wrapper/state.js","statementMap":{"0":{"start":{"line":3,"column":4},"end":{"line":6,"column":19}},"1":{"start":{"line":9,"column":4},"end":{"line":12,"column":19}},"2":{"start":{"line":15,"column":4},"end":{"line":15,"column":22}},"3":{"start":{"line":18,"column":4},"end":{"line":18,"column":24}},"4":{"start":{"line":21,"column":4},"end":{"line":21,"column":24}},"5":{"start":{"line":24,"column":4},"end":{"line":24,"column":28}},"6":{"start":{"line":27,"column":4},"end":{"line":27,"column":27}},"7":{"start":{"line":32,"column":4},"end":{"line":32,"column":31}},"8":{"start":{"line":37,"column":4},"end":{"line":37,"column":24}},"9":{"start":{"line":42,"column":4},"end":{"line":42,"column":27}},"10":{"start":{"line":47,"column":4},"end":{"line":47,"column":28}},"11":{"start":{"line":51,"column":4},"end":{"line":51,"column":35}},"12":{"start":{"line":73,"column":40},"end":{"line":73,"column":44}},"13":{"start":{"line":75,"column":17},"end":{"line":79,"column":53}},"14":{"start":{"line":76,"column":6},"end":{"line":76,"column":59}},"15":{"start":{"line":77,"column":6},"end":{"line":77,"column":31}},"16":{"start":{"line":78,"column":6},"end":{"line":78,"column":17}},"17":{"start":{"line":81,"column":17},"end":{"line":85,"column":53}},"18":{"start":{"line":82,"column":6},"end":{"line":82,"column":60}},"19":{"start":{"line":83,"column":6},"end":{"line":83,"column":31}},"20":{"start":{"line":84,"column":6},"end":{"line":84,"column":17}},"21":{"start":{"line":87,"column":4},"end":{"line":87,"column":49}},"22":{"start":{"line":94,"column":40},"end":{"line":94,"column":44}},"23":{"start":{"line":95,"column":4},"end":{"line":95,"column":65}},"24":{"start":{"line":99,"column":4},"end":{"line":99,"column":54}},"25":{"start":{"line":100,"column":4},"end":{"line":100,"column":52}},"26":{"start":{"line":104,"column":15},"end":{"line":104,"column":65}},"27":{"start":{"line":105,"column":4},"end":{"line":105,"column":37}},"28":{"start":{"line":109,"column":4},"end":{"line":109,"column":32}},"29":{"start":{"line":110,"column":4},"end":{"line":110,"column":32}},"30":{"start":{"line":111,"column":4},"end":{"line":111,"column":32}},"31":{"start":{"line":115,"column":17},"end":{"line":115,"column":44}},"32":{"start":{"line":116,"column":21},"end":{"line":116,"column":41}},"33":{"start":{"line":117,"column":4},"end":{"line":117,"column":55}},"34":{"start":{"line":118,"column":4},"end":{"line":118,"column":45}},"35":{"start":{"line":122,"column":23},"end":{"line":122,"column":33}},"36":{"start":{"line":123,"column":17},"end":{"line":123,"column":43}},"37":{"start":{"line":124,"column":4},"end":{"line":124,"column":49}},"38":{"start":{"line":128,"column":4},"end":{"line":128,"column":37}},"39":{"start":{"line":132,"column":17},"end":{"line":132,"column":33}},"40":{"start":{"line":133,"column":25},"end":{"line":133,"column":50}},"41":{"start":{"line":134,"column":4},"end":{"line":134,"column":37}},"42":{"start":{"line":135,"column":4},"end":{"line":135,"column":35}},"43":{"start":{"line":136,"column":4},"end":{"line":136,"column":64}},"44":{"start":{"line":140,"column":4},"end":{"line":140,"column":24}},"45":{"start":{"line":145,"column":4},"end":{"line":145,"column":22}},"46":{"start":{"line":146,"column":4},"end":{"line":146,"column":24}},"47":{"start":{"line":147,"column":4},"end":{"line":147,"column":61}},"48":{"start":{"line":148,"column":4},"end":{"line":148,"column":62}},"49":{"start":{"line":152,"column":46},"end":{"line":152,"column":50}},"50":{"start":{"line":153,"column":4},"end":{"line":153,"column":82}},"51":{"start":{"line":157,"column":0},"end":{"line":157,"column":23}}},"fnMap":{"0":{"name":"(anonymous_0)","decl":{"start":{"line":2,"column":2},"end":{"line":2,"column":3}},"loc":{"start":{"line":2,"column":16},"end":{"line":28,"column":3}},"line":2},"1":{"name":"(anonymous_1)","decl":{"start":{"line":31,"column":2},"end":{"line":31,"column":3}},"loc":{"start":{"line":31,"column":26},"end":{"line":33,"column":3}},"line":31},"2":{"name":"(anonymous_2)","decl":{"start":{"line":36,"column":2},"end":{"line":36,"column":3}},"loc":{"start":{"line":36,"column":15},"end":{"line":38,"column":3}},"line":36},"3":{"name":"(anonymous_3)","decl":{"start":{"line":41,"column":2},"end":{"line":41,"column":3}},"loc":{"start":{"line":41,"column":22},"end":{"line":43,"column":3}},"line":41},"4":{"name":"(anonymous_4)","decl":{"start":{"line":46,"column":2},"end":{"line":46,"column":3}},"loc":{"start":{"line":46,"column":19},"end":{"line":48,"column":3}},"line":46},"5":{"name":"(anonymous_5)","decl":{"start":{"line":50,"column":2},"end":{"line":50,"column":3}},"loc":{"start":{"line":50,"column":30},"end":{"line":52,"column":3}},"line":50},"6":{"name":"(anonymous_6)","decl":{"start":{"line":72,"column":2},"end":{"line":72,"column":3}},"loc":{"start":{"line":72,"column":16},"end":{"line":88,"column":3}},"line":72},"7":{"name":"(anonymous_7)","decl":{"start":{"line":75,"column":48},"end":{"line":75,"column":49}},"loc":{"start":{"line":75,"column":65},"end":{"line":79,"column":5}},"line":75},"8":{"name":"(anonymous_8)","decl":{"start":{"line":81,"column":49},"end":{"line":81,"column":50}},"loc":{"start":{"line":81,"column":66},"end":{"line":85,"column":5}},"line":81},"9":{"name":"(anonymous_9)","decl":{"start":{"line":93,"column":2},"end":{"line":93,"column":3}},"loc":{"start":{"line":93,"column":14},"end":{"line":96,"column":3}},"line":93},"10":{"name":"(anonymous_10)","decl":{"start":{"line":98,"column":2},"end":{"line":98,"column":3}},"loc":{"start":{"line":98,"column":32},"end":{"line":101,"column":3}},"line":98},"11":{"name":"(anonymous_11)","decl":{"start":{"line":103,"column":2},"end":{"line":103,"column":3}},"loc":{"start":{"line":103,"column":35},"end":{"line":106,"column":3}},"line":103},"12":{"name":"(anonymous_12)","decl":{"start":{"line":108,"column":2},"end":{"line":108,"column":3}},"loc":{"start":{"line":108,"column":24},"end":{"line":112,"column":3}},"line":108},"13":{"name":"(anonymous_13)","decl":{"start":{"line":114,"column":2},"end":{"line":114,"column":3}},"loc":{"start":{"line":114,"column":28},"end":{"line":119,"column":3}},"line":114},"14":{"name":"(anonymous_14)","decl":{"start":{"line":121,"column":2},"end":{"line":121,"column":3}},"loc":{"start":{"line":121,"column":36},"end":{"line":125,"column":3}},"line":121},"15":{"name":"(anonymous_15)","decl":{"start":{"line":127,"column":2},"end":{"line":127,"column":3}},"loc":{"start":{"line":127,"column":20},"end":{"line":129,"column":3}},"line":127},"16":{"name":"(anonymous_16)","decl":{"start":{"line":131,"column":2},"end":{"line":131,"column":3}},"loc":{"start":{"line":131,"column":23},"end":{"line":137,"column":3}},"line":131},"17":{"name":"(anonymous_17)","decl":{"start":{"line":139,"column":2},"end":{"line":139,"column":3}},"loc":{"start":{"line":139,"column":15},"end":{"line":141,"column":3}},"line":139},"18":{"name":"(anonymous_18)","decl":{"start":{"line":144,"column":2},"end":{"line":144,"column":3}},"loc":{"start":{"line":144,"column":10},"end":{"line":149,"column":3}},"line":144},"19":{"name":"(anonymous_19)","decl":{"start":{"line":151,"column":2},"end":{"line":151,"column":3}},"loc":{"start":{"line":151,"column":8},"end":{"line":154,"column":3}},"line":151}},"branchMap":{"0":{"loc":{"start":{"line":104,"column":15},"end":{"line":104,"column":65}},"type":"binary-expr","locations":[{"start":{"line":104,"column":15},"end":{"line":104,"column":27}},{"start":{"line":104,"column":31},"end":{"line":104,"column":65}}],"line":104},"1":{"loc":{"start":{"line":121,"column":19},"end":{"line":121,"column":34}},"type":"default-arg","locations":[{"start":{"line":121,"column":32},"end":{"line":121,"column":34}}],"line":121},"2":{"loc":{"start":{"line":123,"column":17},"end":{"line":123,"column":43}},"type":"binary-expr","locations":[{"start":{"line":123,"column":17},"end":{"line":123,"column":23}},{"start":{"line":123,"column":27},"end":{"line":123,"column":43}}],"line":123}},"s":{"0":0,"1":0,"2":0,"3":0,"4":0,"5":0,"6":0,"7":0,"8":0,"9":0,"10":0,"11":0,"12":0,"13":0,"14":0,"15":0,"16":0,"17":0,"18":0,"19":0,"20":0,"21":0,"22":0,"23":0,"24":0,"25":0,"26":0,"27":0,"28":0,"29":0,"30":0,"31":0,"32":0,"33":0,"34":0,"35":0,"36":0,"37":0,"38":0,"39":0,"40":0,"41":0,"42":0,"43":0,"44":0,"45":0,"46":0,"47":0,"48":0,"49":0,"50":0,"51":0},"f":{"0":0,"1":0,"2":0,"3":0,"4":0,"5":0,"6":0,"7":0,"8":0,"9":0,"10":0,"11":0,"12":0,"13":0,"14":0,"15":0,"16":0,"17":0,"18":0,"19":0},"b":{"0":[0,0],"1":[0],"2":[0,0]}}
}
