TN:
SF:/Users/jamsea/git/accelerator-core-js/sample-app/src/App.js
FN:75,(anonymous_0)
FN:117,(anonymous_1)
FN:124,(anonymous_2)
FN:133,(anonymous_3)
FN:150,(anonymous_4)
FN:152,(anonymous_5)
FN:162,(anonymous_6)
FN:163,(anonymous_7)
FN:169,(anonymous_8)
FN:172,(anonymous_9)
FN:175,(anonymous_10)
FN:178,(anonymous_11)
FN:183,(anonymous_12)
FN:188,(anonymous_13)
FN:193,(anonymous_14)
FNF:15
FNH:0
FNDA:0,(anonymous_0)
FNDA:0,(anonymous_1)
FNDA:0,(anonymous_2)
FNDA:0,(anonymous_3)
FNDA:0,(anonymous_4)
FNDA:0,(anonymous_5)
FNDA:0,(anonymous_6)
FNDA:0,(anonymous_7)
FNDA:0,(anonymous_8)
FNDA:0,(anonymous_9)
FNDA:0,(anonymous_10)
FNDA:0,(anonymous_11)
FNDA:0,(anonymous_12)
FNDA:0,(anonymous_13)
FNDA:0,(anonymous_14)
DA:1,0
DA:14,0
DA:15,0
DA:23,0
DA:75,0
DA:76,0
DA:77,0
DA:78,0
DA:79,0
DA:80,0
DA:81,0
DA:82,0
DA:83,0
DA:117,0
DA:118,0
DA:124,0
DA:125,0
DA:134,0
DA:135,0
DA:144,0
DA:145,0
DA:146,0
DA:147,0
DA:151,0
DA:152,0
DA:153,0
DA:162,0
DA:163,0
DA:164,0
DA:170,0
DA:173,0
DA:175,0
DA:179,0
DA:180,0
DA:184,0
DA:185,0
DA:189,0
DA:190,0
DA:194,0
DA:204,0
DA:206,0
LF:41
LH:0
BRDA:77,0,0,0
BRDA:77,0,1,0
BRDA:78,1,0,0
BRDA:78,1,1,0
BRDA:79,2,0,0
BRDA:79,2,1,0
BRDA:82,3,0,0
BRDA:82,3,1,0
BRDA:98,4,0,0
BRDA:98,4,1,0
BRDA:102,5,0,0
BRDA:102,5,1,0
BRDA:106,6,0,0
BRDA:106,6,1,0
BRDA:107,7,0,0
BRDA:107,7,1,0
BRDA:108,8,0,0
BRDA:108,8,1,0
BRDA:112,9,0,0
BRDA:112,9,1,0
BRDA:214,10,0,0
BRDA:214,10,1,0
BRDA:215,11,0,0
BRDA:215,11,1,0
BRDA:215,11,2,0
BRF:25
BRH:0
end_of_record
TN:
SF:/Users/jamsea/git/accelerator-core-js/sample-app/src/index.js
FNF:0
FNH:0
DA:1,0
LF:1
LH:0
BRF:0
BRH:0
end_of_record
TN:
SF:/Users/jamsea/git/accelerator-core-js/sample-app/src/ot-core/communication.js
FN:22,(anonymous_0)
FNF:1
FNH:0
FNDA:0,(anonymous_0)
DA:1,0
DA:4,0
DA:5,0
DA:6,0
DA:12,0
DA:23,0
DA:24,0
DA:25,0
LF:8
LH:0
BRF:0
BRH:0
end_of_record
TN:
SF:/Users/jamsea/git/accelerator-core-js/sample-app/src/ot-core/core.js
FN:31,(anonymous_0)
FN:33,(anonymous_1)
FN:41,(anonymous_2)
FNF:3
FNH:0
FNDA:0,(anonymous_0)
FNDA:0,(anonymous_1)
FNDA:0,(anonymous_2)
DA:5,0
DA:6,0
DA:7,0
DA:8,0
DA:9,0
DA:10,0
DA:16,0
DA:22,0
DA:31,0
DA:32,0
DA:33,0
DA:34,0
DA:35,0
DA:43,0
DA:44,0
DA:46,0
DA:47,0
DA:48,0
DA:51,0
DA:52,0
DA:53,0
DA:56,0
DA:57,0
DA:58,0
DA:59,0
DA:60,0
DA:61,0
DA:64,0
DA:65,0
DA:66,0
DA:67,0
DA:68,0
DA:71,0
DA:73,0
DA:686,0
LF:35
LH:0
BRDA:31,0,0,0
BRDA:34,1,0,0
BRDA:34,1,1,0
BRDA:43,2,0,0
BRDA:43,2,1,0
BRDA:56,3,0,0
BRDA:56,3,1,0
BRDA:686,4,0,0
BRDA:686,4,1,0
BRF:9
BRH:0
end_of_record
TN:
SF:/Users/jamsea/git/accelerator-core-js/sample-app/src/ot-core/errors.js
FN:3,(anonymous_0)
FNF:1
FNH:0
FNDA:0,(anonymous_0)
DA:4,0
DA:5,0
DA:9,0
LF:3
LH:0
BRF:0
BRH:0
end_of_record
TN:
SF:/Users/jamsea/git/accelerator-core-js/sample-app/src/ot-core/events.js
FNF:0
FNH:0
DA:1,0
DA:64,0
LF:2
LH:0
BRF:0
BRH:0
end_of_record
TN:
SF:/Users/jamsea/git/accelerator-core-js/sample-app/src/ot-core/logging.js
FN:4,(anonymous_0)
FN:11,(anonymous_1)
FN:18,(anonymous_2)
FN:24,(anonymous_3)
FN:56,(anonymous_4)
FNF:5
FNH:0
FNDA:0,(anonymous_0)
FNDA:0,(anonymous_1)
FNDA:0,(anonymous_2)
FNDA:0,(anonymous_3)
FNDA:0,(anonymous_4)
DA:5,0
DA:12,0
DA:19,0
DA:24,0
DA:28,0
DA:34,0
DA:57,0
DA:65,0
DA:67,0
DA:68,0
DA:88,0
LF:11
LH:0
BRDA:61,0,0,0
BRDA:61,0,1,0
BRDA:67,1,0,0
BRDA:67,1,1,0
BRF:4
BRH:0
end_of_record
TN:
SF:/Users/jamsea/git/accelerator-core-js/sample-app/src/ot-core/state.js
FN:4,(anonymous_0)
FNF:1
FNH:0
FNDA:0,(anonymous_0)
DA:1,0
DA:254,0
DA:255,0
DA:256,0
DA:257,0
DA:258,0
DA:259,0
DA:260,0
LF:8
LH:0
BRF:0
BRH:0
end_of_record
TN:
SF:/Users/jamsea/git/accelerator-core-js/sample-app/src/ot-core/util.js
FN:27,(anonymous_0)
FN:47,(anonymous_1)
FN:57,(anonymous_2)
FNF:3
FNH:0
FNDA:0,(anonymous_0)
FNDA:0,(anonymous_1)
FNDA:0,(anonymous_2)
DA:7,0
DA:9,0
DA:12,0
DA:15,0
DA:18,0
DA:27,0
DA:28,0
DA:29,0
DA:31,0
DA:32,0
DA:33,0
DA:34,0
DA:37,0
DA:47,0
DA:48,0
DA:49,0
DA:57,0
DA:59,0
LF:18
LH:0
BRDA:18,0,0,0
BRDA:18,0,1,0
BRDA:29,1,0,0
BRDA:29,1,1,0
BRDA:33,2,0,0
BRDA:33,2,1,0
BRDA:49,3,0,0
BRDA:49,3,1,0
BRF:8
BRH:0
end_of_record
TN:
SF:/Users/jamsea/git/accelerator-core-js/sample-app/src/ot-core/sdk-wrapper/errors.js
FN:3,(anonymous_0)
FNF:1
FNH:0
FNDA:0,(anonymous_0)
DA:4,0
DA:5,0
DA:9,0
LF:3
LH:0
BRF:0
BRH:0
end_of_record
TN:
SF:/Users/jamsea/git/accelerator-core-js/sample-app/src/ot-core/sdk-wrapper/logging.js
FN:2,(anonymous_0)
FNF:1
FNH:0
FNDA:0,(anonymous_0)
DA:2,0
DA:4,0
LF:2
LH:0
BRF:0
BRH:0
end_of_record
TN:
SF:/Users/jamsea/git/accelerator-core-js/sample-app/src/ot-core/sdk-wrapper/sdkWrapper.js
FN:21,(anonymous_0)
FN:23,(anonymous_1)
FN:37,(anonymous_2)
FN:38,(anonymous_3)
FN:39,(anonymous_4)
FN:49,(anonymous_5)
FN:64,(anonymous_6)
FN:69,(anonymous_7)
FN:70,(anonymous_8)
FN:76,(anonymous_9)
FN:94,(anonymous_10)
FN:105,(anonymous_11)
FN:113,(anonymous_12)
FN:119,(anonymous_13)
FN:120,(anonymous_14)
FN:121,(anonymous_15)
FN:122,(anonymous_16)
FN:133,(anonymous_17)
FN:148,(anonymous_18)
FN:156,(anonymous_19)
FN:158,(anonymous_20)
FN:167,(anonymous_21)
FN:169,(anonymous_22)
FN:179,(anonymous_23)
FN:191,(anonymous_24)
FN:207,(anonymous_25)
FN:208,(anonymous_26)
FN:210,(anonymous_27)
FN:228,(anonymous_28)
FN:229,(anonymous_29)
FN:231,(anonymous_30)
FN:244,(anonymous_31)
FN:261,(anonymous_32)
FN:263,(anonymous_33)
FN:264,(anonymous_34)
FN:281,(anonymous_35)
FN:283,(anonymous_36)
FN:296,(anonymous_37)
FN:300,(anonymous_38)
FN:302,(anonymous_39)
FN:313,(anonymous_40)
FN:314,(anonymous_41)
FN:315,(anonymous_42)
FN:326,(anonymous_43)
FN:327,(anonymous_44)
FN:328,(anonymous_45)
FN:343,(anonymous_46)
FN:346,(anonymous_47)
FN:347,(anonymous_48)
FN:356,(anonymous_49)
FN:365,(anonymous_50)
FNF:51
FNH:0
FNDA:0,(anonymous_0)
FNDA:0,(anonymous_1)
FNDA:0,(anonymous_2)
FNDA:0,(anonymous_3)
FNDA:0,(anonymous_4)
FNDA:0,(anonymous_5)
FNDA:0,(anonymous_6)
FNDA:0,(anonymous_7)
FNDA:0,(anonymous_8)
FNDA:0,(anonymous_9)
FNDA:0,(anonymous_10)
FNDA:0,(anonymous_11)
FNDA:0,(anonymous_12)
FNDA:0,(anonymous_13)
FNDA:0,(anonymous_14)
FNDA:0,(anonymous_15)
FNDA:0,(anonymous_16)
FNDA:0,(anonymous_17)
FNDA:0,(anonymous_18)
FNDA:0,(anonymous_19)
FNDA:0,(anonymous_20)
FNDA:0,(anonymous_21)
FNDA:0,(anonymous_22)
FNDA:0,(anonymous_23)
FNDA:0,(anonymous_24)
FNDA:0,(anonymous_25)
FNDA:0,(anonymous_26)
FNDA:0,(anonymous_27)
FNDA:0,(anonymous_28)
FNDA:0,(anonymous_29)
FNDA:0,(anonymous_30)
FNDA:0,(anonymous_31)
FNDA:0,(anonymous_32)
FNDA:0,(anonymous_33)
FNDA:0,(anonymous_34)
FNDA:0,(anonymous_35)
FNDA:0,(anonymous_36)
FNDA:0,(anonymous_37)
FNDA:0,(anonymous_38)
FNDA:0,(anonymous_39)
FNDA:0,(anonymous_40)
FNDA:0,(anonymous_41)
FNDA:0,(anonymous_42)
FNDA:0,(anonymous_43)
FNDA:0,(anonymous_44)
FNDA:0,(anonymous_45)
FNDA:0,(anonymous_46)
FNDA:0,(anonymous_47)
FNDA:0,(anonymous_48)
FNDA:0,(anonymous_49)
FNDA:0,(anonymous_50)
DA:4,0
DA:5,0
DA:9,0
DA:21,0
DA:22,0
DA:23,0
DA:24,0
DA:25,0
DA:28,0
DA:37,0
DA:38,0
DA:39,0
DA:40,0
DA:49,0
DA:50,0
DA:51,0
DA:52,0
DA:54,0
DA:64,0
DA:69,0
DA:70,0
DA:71,0
DA:75,0
DA:76,0
DA:78,0
DA:95,0
DA:96,0
DA:97,0
DA:106,0
DA:107,0
DA:118,0
DA:119,0
DA:120,0
DA:121,0
DA:122,0
DA:134,0
DA:135,0
DA:136,0
DA:137,0
DA:149,0
DA:157,0
DA:158,0
DA:159,0
DA:168,0
DA:169,0
DA:170,0
DA:180,0
DA:181,0
DA:182,0
DA:183,0
DA:192,0
DA:193,0
DA:194,0
DA:195,0
DA:208,0
DA:209,0
DA:211,0
DA:212,0
DA:213,0
DA:215,0
DA:229,0
DA:230,0
DA:231,0
DA:232,0
DA:233,0
DA:234,0
DA:235,0
DA:245,0
DA:246,0
DA:247,0
DA:248,0
DA:262,0
DA:263,0
DA:264,0
DA:265,0
DA:266,0
DA:268,0
DA:269,0
DA:270,0
DA:282,0
DA:283,0
DA:284,0
DA:285,0
DA:286,0
DA:297,0
DA:298,0
DA:299,0
DA:300,0
DA:301,0
DA:302,0
DA:303,0
DA:314,0
DA:315,0
DA:316,0
DA:327,0
DA:328,0
DA:329,0
DA:344,0
DA:345,0
DA:346,0
DA:347,0
DA:348,0
DA:357,0
DA:358,0
DA:366,0
DA:370,0
DA:371,0
DA:374,0
LF:108
LH:0
BRDA:21,0,0,0
BRDA:24,1,0,0
BRDA:24,1,1,0
BRDA:40,2,0,0
BRDA:40,2,1,0
BRDA:51,3,0,0
BRDA:51,3,1,0
BRDA:51,4,0,0
BRDA:51,4,1,0
BRDA:75,5,0,0
BRDA:75,5,1,0
BRDA:107,6,0,0
BRDA:107,6,1,0
BRDA:134,7,0,0
BRDA:134,7,1,0
BRDA:134,8,0,0
BRDA:134,8,1,0
BRDA:136,9,0,0
BRDA:136,9,1,0
BRDA:182,10,0,0
BRDA:182,10,1,0
BRDA:183,11,0,0
BRDA:183,11,1,0
BRDA:194,12,0,0
BRDA:194,12,1,0
BRDA:195,13,0,0
BRDA:195,13,1,0
BRDA:207,14,0,0
BRDA:207,15,0,0
BRDA:211,16,0,0
BRDA:211,16,1,0
BRDA:212,17,0,0
BRDA:212,17,1,0
BRDA:232,18,0,0
BRDA:232,18,1,0
BRDA:265,19,0,0
BRDA:265,19,1,0
BRDA:269,20,0,0
BRDA:269,20,1,0
BRDA:299,21,0,0
BRDA:299,21,1,0
BRDA:303,22,0,0
BRDA:303,22,1,0
BRDA:316,23,0,0
BRDA:316,23,1,0
BRDA:329,24,0,0
BRDA:329,24,1,0
BRDA:345,25,0,0
BRDA:345,25,1,0
BRDA:348,26,0,0
BRDA:348,26,1,0
BRDA:370,27,0,0
BRDA:370,27,1,0
BRF:53
BRH:0
end_of_record
TN:
SF:/Users/jamsea/git/accelerator-core-js/sample-app/src/ot-core/sdk-wrapper/state.js
FN:2,(anonymous_0)
FN:31,(anonymous_1)
FN:36,(anonymous_2)
FN:41,(anonymous_3)
FN:46,(anonymous_4)
FN:50,(anonymous_5)
FN:72,(anonymous_6)
FN:75,(anonymous_7)
FN:81,(anonymous_8)
FN:93,(anonymous_9)
FN:98,(anonymous_10)
FN:103,(anonymous_11)
FN:108,(anonymous_12)
FN:114,(anonymous_13)
FN:121,(anonymous_14)
FN:127,(anonymous_15)
FN:131,(anonymous_16)
FN:139,(anonymous_17)
FN:144,(anonymous_18)
FN:151,(anonymous_19)
FNF:20
FNH:0
FNDA:0,(anonymous_0)
FNDA:0,(anonymous_1)
FNDA:0,(anonymous_2)
FNDA:0,(anonymous_3)
FNDA:0,(anonymous_4)
FNDA:0,(anonymous_5)
FNDA:0,(anonymous_6)
FNDA:0,(anonymous_7)
FNDA:0,(anonymous_8)
FNDA:0,(anonymous_9)
FNDA:0,(anonymous_10)
FNDA:0,(anonymous_11)
FNDA:0,(anonymous_12)
FNDA:0,(anonymous_13)
FNDA:0,(anonymous_14)
FNDA:0,(anonymous_15)
FNDA:0,(anonymous_16)
FNDA:0,(anonymous_17)
FNDA:0,(anonymous_18)
FNDA:0,(anonymous_19)
DA:3,0
DA:9,0
DA:15,0
DA:18,0
DA:21,0
DA:24,0
DA:27,0
DA:32,0
DA:37,0
DA:42,0
DA:47,0
DA:51,0
DA:73,0
DA:75,0
DA:76,0
DA:77,0
DA:78,0
DA:81,0
DA:82,0
DA:83,0
DA:84,0
DA:87,0
DA:94,0
DA:95,0
DA:99,0
DA:100,0
DA:104,0
DA:105,0
DA:109,0
DA:110,0
DA:111,0
DA:115,0
DA:116,0
DA:117,0
DA:118,0
DA:122,0
DA:123,0
DA:124,0
DA:128,0
DA:132,0
DA:133,0
DA:134,0
DA:135,0
DA:136,0
DA:140,0
DA:145,0
DA:146,0
DA:147,0
DA:148,0
DA:152,0
DA:153,0
DA:157,0
LF:52
LH:0
BRDA:104,0,0,0
BRDA:104,0,1,0
BRDA:121,1,0,0
BRDA:123,2,0,0
BRDA:123,2,1,0
BRF:5
BRH:0
end_of_record
